Compiling the C compiler identification source file "CMakeCCompilerId.c" failed.
Compiler: /usr/bin/cc 
Build flags: 
Id flags:  

The output was:
72
sh: line 1: 36583 Bus error: 10           /Applications/Xcode.app/Contents/Developer/usr/bin/xcodebuild -sdk /Applications/Xcode.app/Contents/Developer/Platforms/MacOSX.platform/Developer/SDKs/MacOSX10.14.sdk -find clang 2> /dev/null
cc: error: unable to find utility "clang", not a developer tool or in PATH


Compiling the C compiler identification source file "CMakeCCompilerId.c" failed.
Compiler: /usr/bin/cc 
Build flags: 
Id flags: -c 

The output was:
72
sh: line 1: 36586 Bus error: 10           /Applications/Xcode.app/Contents/Developer/usr/bin/xcodebuild -sdk /Applications/Xcode.app/Contents/Developer/Platforms/MacOSX.platform/Developer/SDKs/MacOSX10.14.sdk -find clang 2> /dev/null
cc: error: unable to find utility "clang", not a developer tool or in PATH


Compiling the C compiler identification source file "CMakeCCompilerId.c" failed.
Compiler: /usr/bin/cc 
Build flags: 
Id flags: -Aa 

The output was:
72
sh: line 1: 36591 Bus error: 10           /Applications/Xcode.app/Contents/Developer/usr/bin/xcodebuild -sdk /Applications/Xcode.app/Contents/Developer/Platforms/MacOSX.platform/Developer/SDKs/MacOSX10.14.sdk -find clang 2> /dev/null
cc: error: unable to find utility "clang", not a developer tool or in PATH


Compiling the C compiler identification source file "CMakeCCompilerId.c" failed.
Compiler: /usr/bin/cc 
Build flags: 
Id flags: -D__CLASSIC_C__ 

The output was:
72
sh: line 1: 36594 Bus error: 10           /Applications/Xcode.app/Contents/Developer/usr/bin/xcodebuild -sdk /Applications/Xcode.app/Contents/Developer/Platforms/MacOSX.platform/Developer/SDKs/MacOSX10.14.sdk -find clang 2> /dev/null
cc: error: unable to find utility "clang", not a developer tool or in PATH


Compiling the C compiler identification source file "CMakeCCompilerId.c" failed.
Compiler: /usr/bin/cc 
Build flags: 
Id flags: --target=arm-arm-none-eabi;-mcpu=cortex-m3 

The output was:
72
sh: line 1: 36597 Bus error: 10           /Applications/Xcode.app/Contents/Developer/usr/bin/xcodebuild -sdk /Applications/Xcode.app/Contents/Developer/Platforms/MacOSX.platform/Developer/SDKs/MacOSX10.14.sdk -find clang 2> /dev/null
cc: error: unable to find utility "clang", not a developer tool or in PATH


Compiling the C compiler identification source file "CMakeCCompilerId.c" failed.
Compiler: /usr/bin/cc 
Build flags: 
Id flags:  

The output was:
72
sh: line 1: 36600 Bus error: 10           /Applications/Xcode.app/Contents/Developer/usr/bin/xcodebuild -sdk /Applications/Xcode.app/Contents/Developer/Platforms/MacOSX.platform/Developer/SDKs/MacOSX10.14.sdk -find clang 2> /dev/null
cc: error: unable to find utility "clang", not a developer tool or in PATH


Compiling the C compiler identification source file "CMakeCCompilerId.c" failed.
Compiler: /usr/bin/cc 
Build flags: 
Id flags: -c 

The output was:
72
sh: line 1: 36604 Bus error: 10           /Applications/Xcode.app/Contents/Developer/usr/bin/xcodebuild -sdk /Applications/Xcode.app/Contents/Developer/Platforms/MacOSX.platform/Developer/SDKs/MacOSX10.14.sdk -find clang 2> /dev/null
cc: error: unable to find utility "clang", not a developer tool or in PATH


Compiling the C compiler identification source file "CMakeCCompilerId.c" failed.
Compiler: /usr/bin/cc 
Build flags: 
Id flags: -Aa 

The output was:
72
sh: line 1: 36607 Bus error: 10           /Applications/Xcode.app/Contents/Developer/usr/bin/xcodebuild -sdk /Applications/Xcode.app/Contents/Developer/Platforms/MacOSX.platform/Developer/SDKs/MacOSX10.14.sdk -find clang 2> /dev/null
cc: error: unable to find utility "clang", not a developer tool or in PATH


Compiling the C compiler identification source file "CMakeCCompilerId.c" failed.
Compiler: /usr/bin/cc 
Build flags: 
Id flags: -D__CLASSIC_C__ 

The output was:
72
sh: line 1: 36610 Bus error: 10           /Applications/Xcode.app/Contents/Developer/usr/bin/xcodebuild -sdk /Applications/Xcode.app/Contents/Developer/Platforms/MacOSX.platform/Developer/SDKs/MacOSX10.14.sdk -find clang 2> /dev/null
cc: error: unable to find utility "clang", not a developer tool or in PATH


Compiling the C compiler identification source file "CMakeCCompilerId.c" failed.
Compiler: /usr/bin/cc 
Build flags: 
Id flags: --target=arm-arm-none-eabi;-mcpu=cortex-m3 

The output was:
72
sh: line 1: 36613 Bus error: 10           /Applications/Xcode.app/Contents/Developer/usr/bin/xcodebuild -sdk /Applications/Xcode.app/Contents/Developer/Platforms/MacOSX.platform/Developer/SDKs/MacOSX10.14.sdk -find clang 2> /dev/null
cc: error: unable to find utility "clang", not a developer tool or in PATH


Checking whether the C compiler is IAR using "" did not match "IAR .+ Compiler":
sh: line 1: 36616 Bus error: 10           /Applications/Xcode.app/Contents/Developer/usr/bin/xcodebuild -sdk /Applications/Xcode.app/Contents/Developer/Platforms/MacOSX.platform/Developer/SDKs/MacOSX10.14.sdk -find clang 2> /dev/null
cc: error: unable to find utility "clang", not a developer tool or in PATH
Checking whether the C compiler is IAR using "" did not match "IAR .+ Compiler":
sh: line 1: 36619 Bus error: 10           /Applications/Xcode.app/Contents/Developer/usr/bin/xcodebuild -sdk /Applications/Xcode.app/Contents/Developer/Platforms/MacOSX.platform/Developer/SDKs/MacOSX10.14.sdk -find clang 2> /dev/null
cc: error: unable to find utility "clang", not a developer tool or in PATH
Compiling the CXX compiler identification source file "CMakeCXXCompilerId.cpp" failed.
Compiler: /usr/bin/c++ 
Build flags: 
Id flags:  

The output was:
72
sh: line 1: 36625 Bus error: 10           /Applications/Xcode.app/Contents/Developer/usr/bin/xcodebuild -sdk /Applications/Xcode.app/Contents/Developer/Platforms/MacOSX.platform/Developer/SDKs/MacOSX10.14.sdk -find clang++ 2> /dev/null
c++: error: unable to find utility "clang++", not a developer tool or in PATH


Compiling the CXX compiler identification source file "CMakeCXXCompilerId.cpp" failed.
Compiler: /usr/bin/c++ 
Build flags: 
Id flags: -c 

The output was:
72
sh: line 1: 36628 Bus error: 10           /Applications/Xcode.app/Contents/Developer/usr/bin/xcodebuild -sdk /Applications/Xcode.app/Contents/Developer/Platforms/MacOSX.platform/Developer/SDKs/MacOSX10.14.sdk -find clang++ 2> /dev/null
c++: error: unable to find utility "clang++", not a developer tool or in PATH


Compiling the CXX compiler identification source file "CMakeCXXCompilerId.cpp" failed.
Compiler: /usr/bin/c++ 
Build flags: 
Id flags: --c++ 

The output was:
72
sh: line 1: 36631 Bus error: 10           /Applications/Xcode.app/Contents/Developer/usr/bin/xcodebuild -sdk /Applications/Xcode.app/Contents/Developer/Platforms/MacOSX.platform/Developer/SDKs/MacOSX10.14.sdk -find clang++ 2> /dev/null
c++: error: unable to find utility "clang++", not a developer tool or in PATH


Compiling the CXX compiler identification source file "CMakeCXXCompilerId.cpp" failed.
Compiler: /usr/bin/c++ 
Build flags: 
Id flags: --ec++ 

The output was:
72
sh: line 1: 36634 Bus error: 10           /Applications/Xcode.app/Contents/Developer/usr/bin/xcodebuild -sdk /Applications/Xcode.app/Contents/Developer/Platforms/MacOSX.platform/Developer/SDKs/MacOSX10.14.sdk -find clang++ 2> /dev/null
c++: error: unable to find utility "clang++", not a developer tool or in PATH


Compiling the CXX compiler identification source file "CMakeCXXCompilerId.cpp" failed.
Compiler: /usr/bin/c++ 
Build flags: 
Id flags: --target=arm-arm-none-eabi;-mcpu=cortex-m3 

The output was:
72
sh: line 1: 36637 Bus error: 10           /Applications/Xcode.app/Contents/Developer/usr/bin/xcodebuild -sdk /Applications/Xcode.app/Contents/Developer/Platforms/MacOSX.platform/Developer/SDKs/MacOSX10.14.sdk -find clang++ 2> /dev/null
c++: error: unable to find utility "clang++", not a developer tool or in PATH


Compiling the CXX compiler identification source file "CMakeCXXCompilerId.cpp" failed.
Compiler: /usr/bin/c++ 
Build flags: 
Id flags:  

The output was:
72
sh: line 1: 36640 Bus error: 10           /Applications/Xcode.app/Contents/Developer/usr/bin/xcodebuild -sdk /Applications/Xcode.app/Contents/Developer/Platforms/MacOSX.platform/Developer/SDKs/MacOSX10.14.sdk -find clang++ 2> /dev/null
c++: error: unable to find utility "clang++", not a developer tool or in PATH


Compiling the CXX compiler identification source file "CMakeCXXCompilerId.cpp" failed.
Compiler: /usr/bin/c++ 
Build flags: 
Id flags: -c 

The output was:
72
sh: line 1: 36643 Bus error: 10           /Applications/Xcode.app/Contents/Developer/usr/bin/xcodebuild -sdk /Applications/Xcode.app/Contents/Developer/Platforms/MacOSX.platform/Developer/SDKs/MacOSX10.14.sdk -find clang++ 2> /dev/null
c++: error: unable to find utility "clang++", not a developer tool or in PATH


Compiling the CXX compiler identification source file "CMakeCXXCompilerId.cpp" failed.
Compiler: /usr/bin/c++ 
Build flags: 
Id flags: --c++ 

The output was:
72
sh: line 1: 36646 Bus error: 10           /Applications/Xcode.app/Contents/Developer/usr/bin/xcodebuild -sdk /Applications/Xcode.app/Contents/Developer/Platforms/MacOSX.platform/Developer/SDKs/MacOSX10.14.sdk -find clang++ 2> /dev/null
c++: error: unable to find utility "clang++", not a developer tool or in PATH


Compiling the CXX compiler identification source file "CMakeCXXCompilerId.cpp" failed.
Compiler: /usr/bin/c++ 
Build flags: 
Id flags: --ec++ 

The output was:
72
sh: line 1: 36649 Bus error: 10           /Applications/Xcode.app/Contents/Developer/usr/bin/xcodebuild -sdk /Applications/Xcode.app/Contents/Developer/Platforms/MacOSX.platform/Developer/SDKs/MacOSX10.14.sdk -find clang++ 2> /dev/null
c++: error: unable to find utility "clang++", not a developer tool or in PATH


Compiling the CXX compiler identification source file "CMakeCXXCompilerId.cpp" failed.
Compiler: /usr/bin/c++ 
Build flags: 
Id flags: --target=arm-arm-none-eabi;-mcpu=cortex-m3 

The output was:
72
sh: line 1: 36652 Bus error: 10           /Applications/Xcode.app/Contents/Developer/usr/bin/xcodebuild -sdk /Applications/Xcode.app/Contents/Developer/Platforms/MacOSX.platform/Developer/SDKs/MacOSX10.14.sdk -find clang++ 2> /dev/null
c++: error: unable to find utility "clang++", not a developer tool or in PATH


Checking whether the CXX compiler is IAR using "" did not match "IAR .+ Compiler":
sh: line 1: 36655 Bus error: 10           /Applications/Xcode.app/Contents/Developer/usr/bin/xcodebuild -sdk /Applications/Xcode.app/Contents/Developer/Platforms/MacOSX.platform/Developer/SDKs/MacOSX10.14.sdk -find clang++ 2> /dev/null
c++: error: unable to find utility "clang++", not a developer tool or in PATH
Checking whether the CXX compiler is IAR using "" did not match "IAR .+ Compiler":
sh: line 1: 36658 Bus error: 10           /Applications/Xcode.app/Contents/Developer/usr/bin/xcodebuild -sdk /Applications/Xcode.app/Contents/Developer/Platforms/MacOSX.platform/Developer/SDKs/MacOSX10.14.sdk -find clang++ 2> /dev/null
c++: error: unable to find utility "clang++", not a developer tool or in PATH
Determining if the C compiler works failed with the following output:
Change Dir: /Users/yilu/Programming/c++/login_registration_system/cmake-build-debug/CMakeFiles/CMakeTmp

Run Build Command(s):/usr/bin/make cmTC_7efc3/fast && sh: line 1: 36664 Bus error: 10           /Applications/Xcode.app/Contents/Developer/usr/bin/xcodebuild -sdk '' -find make 2> /dev/null
make: error: unable to find utility "make", not a developer tool or in PATH



